<?xml version="1.0" encoding="UTF-8"?>
<testsuite name="com.example.smsw.SmartContactManagerApplicationTests" tests="1" skipped="0" failures="0" errors="0" timestamp="2024-12-13T19:56:36" hostname="DESKTOP-F0C337J" time="0.234">
  <properties/>
  <testcase name="contextLoads()" classname="com.example.smsw.SmartContactManagerApplicationTests" time="0.234"/>
  <system-out><![CDATA[03:56:31.945 [Test worker] DEBUG org.springframework.boot.test.context.SpringBootTestContextBootstrapper -- Neither @ContextConfiguration nor @ContextHierarchy found for test class [SmartContactManagerApplicationTests]: using SpringBootContextLoader
03:56:31.951 [Test worker] DEBUG org.springframework.test.context.support.AbstractContextLoader -- Could not detect default resource locations for test class [com.example.smsw.SmartContactManagerApplicationTests]: no resource found for suffixes {-context.xml, Context.groovy}.
03:56:31.953 [Test worker] INFO org.springframework.test.context.support.AnnotationConfigContextLoaderUtils -- Could not detect default configuration classes for test class [com.example.smsw.SmartContactManagerApplicationTests]: SmartContactManagerApplicationTests does not declare any static, non-private, non-final, nested classes annotated with @Configuration.
03:56:31.989 [Test worker] DEBUG org.springframework.boot.test.context.SpringBootTestContextBootstrapper -- Using ContextCustomizers for test class [SmartContactManagerApplicationTests]: [DisableObservabilityContextCustomizer, PropertyMappingContextCustomizer, Customizer, ExcludeFilterContextCustomizer, DuplicateJsonObjectContextCustomizer, MockitoContextCustomizer, TestRestTemplateContextCustomizer]
03:56:32.079 [Test worker] DEBUG org.springframework.context.annotation.ClassPathScanningCandidateComponentProvider -- Identified candidate component class: file [C:\Users\user\Documents\.Y4S1\WIF3006 CBSE\student-management\build\classes\java\main\com\example\smsw\SmartContactManagerApplication.class]
03:56:32.081 [Test worker] INFO org.springframework.boot.test.context.SpringBootTestContextBootstrapper -- Found @SpringBootConfiguration com.example.smsw.SmartContactManagerApplication for test class com.example.smsw.SmartContactManagerApplicationTests
03:56:32.237 [Test worker] DEBUG org.springframework.boot.test.context.SpringBootTestContextBootstrapper -- Using TestExecutionListeners for test class [SmartContactManagerApplicationTests]: [ServletTestExecutionListener, DirtiesContextBeforeModesTestExecutionListener, ApplicationEventsTestExecutionListener, MockitoTestExecutionListener, DependencyInjectionTestExecutionListener, DirtiesContextTestExecutionListener, TransactionalTestExecutionListener, SqlScriptsTestExecutionListener, EventPublishingTestExecutionListener, RestDocsTestExecutionListener, MockRestServiceServerResetTestExecutionListener, MockMvcPrintOnlyOnFailureTestExecutionListener, WebDriverTestExecutionListener, MockWebServiceServerTestExecutionListener, ResetMocksTestExecutionListener]
03:56:32.239 [Test worker] DEBUG org.springframework.test.context.support.AbstractDirtiesContextTestExecutionListener -- Before test class: class [SmartContactManagerApplicationTests], class annotated with @DirtiesContext [false] with mode [null]

  .   ____          _            __ _ _
 /\\ / ___'_ __ _ _(_)_ __  __ _ \ \ \ \
( ( )\___ | '_ | '_| | '_ \/ _` | \ \ \ \
 \\/  ___)| |_)| | | | | || (_| |  ) ) ) )
  '  |____| .__|_| |_|_| |_\__, | / / / /
 =========|_|==============|___/=/_/_/_/
 :: Spring Boot ::                (v3.0.5)

2024-12-14T03:56:32.606+08:00  INFO 46560 --- [    Test worker] .e.s.SmartContactManagerApplicationTests : Starting SmartContactManagerApplicationTests using Java 17.0.12 with PID 46560 (started by user in C:\Users\user\Documents\.Y4S1\WIF3006 CBSE\student-management)
2024-12-14T03:56:32.608+08:00  INFO 46560 --- [    Test worker] .e.s.SmartContactManagerApplicationTests : The following 1 profile is active: "test"
2024-12-14T03:56:33.345+08:00  INFO 46560 --- [    Test worker] .s.d.r.c.RepositoryConfigurationDelegate : Bootstrapping Spring Data JPA repositories in DEFAULT mode.
2024-12-14T03:56:33.424+08:00  INFO 46560 --- [    Test worker] .s.d.r.c.RepositoryConfigurationDelegate : Finished Spring Data repository scanning in 68 ms. Found 1 JPA repository interfaces.
2024-12-14T03:56:33.943+08:00  INFO 46560 --- [    Test worker] o.hibernate.jpa.internal.util.LogHelper  : HHH000204: Processing PersistenceUnitInfo [name: default]
2024-12-14T03:56:34.037+08:00  INFO 46560 --- [    Test worker] org.hibernate.Version                    : HHH000412: Hibernate ORM core version 6.1.7.Final
2024-12-14T03:56:34.430+08:00  INFO 46560 --- [    Test worker] com.zaxxer.hikari.HikariDataSource       : HikariPool-1 - Starting...
2024-12-14T03:56:34.640+08:00  INFO 46560 --- [    Test worker] com.zaxxer.hikari.pool.HikariPool        : HikariPool-1 - Added connection conn0: url=jdbc:h2:mem:testdb user=SA
2024-12-14T03:56:34.642+08:00  INFO 46560 --- [    Test worker] com.zaxxer.hikari.HikariDataSource       : HikariPool-1 - Start completed.
2024-12-14T03:56:34.668+08:00  INFO 46560 --- [    Test worker] SQL dialect                              : HHH000400: Using dialect: org.hibernate.dialect.H2Dialect
2024-12-14T03:56:35.505+08:00  INFO 46560 --- [    Test worker] o.h.e.t.j.p.i.JtaPlatformInitiator       : HHH000490: Using JtaPlatform implementation: [org.hibernate.engine.transaction.jta.platform.internal.NoJtaPlatform]
2024-12-14T03:56:35.513+08:00  INFO 46560 --- [    Test worker] j.LocalContainerEntityManagerFactoryBean : Initialized JPA EntityManagerFactory for persistence unit 'default'
2024-12-14T03:56:36.084+08:00  WARN 46560 --- [    Test worker] JpaBaseConfiguration$JpaWebConfiguration : spring.jpa.open-in-view is enabled by default. Therefore, database queries may be performed during view rendering. Explicitly configure spring.jpa.open-in-view to disable this warning
2024-12-14T03:56:36.687+08:00  INFO 46560 --- [    Test worker] .e.s.SmartContactManagerApplicationTests : Started SmartContactManagerApplicationTests in 4.375 seconds (process running for 5.775)
]]></system-out>
  <system-err><![CDATA[]]></system-err>
</testsuite>
